Using pre-set license
Built from '2021.3/staging' branch; Version is '2021.3.11f1 (0a5ca18544bf) revision 679073'; Using compiler version '192829333'; Build Type 'Release'
OS: 'Windows 11  (10.0.22000) 64bit Core' Language: 'en' Physical Memory: 16110 MB
BatchMode: 1, IsHumanControllingUs: 0, StartBugReporterOnCrash: 0, Is64bit: 1, IsPro: 1

COMMAND LINE ARGUMENTS:
C:\Program Files\Unity\Hub\Editor\2021.3.11f1\Editor\Unity.exe
-adb2
-batchMode
-noUpm
-name
AssetImportWorker0
-projectPath
C:/Users/lulua/OneDrive/Documents/GitHub/Carbon/2D Runner
-logFile
Logs/AssetImportWorker0.log
-srvPort
61649
Successfully changed project path to: C:/Users/lulua/OneDrive/Documents/GitHub/Carbon/2D Runner
C:/Users/lulua/OneDrive/Documents/GitHub/Carbon/2D Runner
[UnityMemory] Configuration Parameters - Can be set up in boot.config
    "memorysetup-bucket-allocator-granularity=16"
    "memorysetup-bucket-allocator-bucket-count=8"
    "memorysetup-bucket-allocator-block-size=33554432"
    "memorysetup-bucket-allocator-block-count=8"
    "memorysetup-main-allocator-block-size=16777216"
    "memorysetup-thread-allocator-block-size=16777216"
    "memorysetup-gfx-main-allocator-block-size=16777216"
    "memorysetup-gfx-thread-allocator-block-size=16777216"
    "memorysetup-cache-allocator-block-size=4194304"
    "memorysetup-typetree-allocator-block-size=2097152"
    "memorysetup-profiler-bucket-allocator-granularity=16"
    "memorysetup-profiler-bucket-allocator-bucket-count=8"
    "memorysetup-profiler-bucket-allocator-block-size=33554432"
    "memorysetup-profiler-bucket-allocator-block-count=8"
    "memorysetup-profiler-allocator-block-size=16777216"
    "memorysetup-profiler-editor-allocator-block-size=1048576"
    "memorysetup-temp-allocator-size-main=16777216"
    "memorysetup-job-temp-allocator-block-size=2097152"
    "memorysetup-job-temp-allocator-block-size-background=1048576"
    "memorysetup-job-temp-allocator-reduction-small-platforms=262144"
    "memorysetup-temp-allocator-size-background-worker=32768"
    "memorysetup-temp-allocator-size-job-worker=262144"
    "memorysetup-temp-allocator-size-preload-manager=33554432"
    "memorysetup-temp-allocator-size-nav-mesh-worker=65536"
    "memorysetup-temp-allocator-size-audio-worker=65536"
    "memorysetup-temp-allocator-size-cloud-worker=32768"
    "memorysetup-temp-allocator-size-gi-baking-worker=262144"
    "memorysetup-temp-allocator-size-gfx=262144"
Refreshing native plugins compatible for Editor in 104.25 ms, found 4 plugins.
Preloading 0 native plugins for Editor in 0.00 ms.
Initialize engine version: 2021.3.11f1 (0a5ca18544bf)
[Subsystems] Discovering subsystems at path C:/Program Files/Unity/Hub/Editor/2021.3.11f1/Editor/Data/Resources/UnitySubsystems
[Subsystems] Discovering subsystems at path C:/Users/lulua/OneDrive/Documents/GitHub/Carbon/2D Runner/Assets
GfxDevice: creating device client; threaded=0; jobified=0
Direct3D:
    Version:  Direct3D 11.0 [level 11.1]
    Renderer: Intel(R) Iris(R) Xe MAX Graphics (ID=0x4905)
    Vendor:   Intel
    VRAM:     3996 MB
    Driver:   31.0.101.3616
Initialize mono
Mono path[0] = 'C:/Program Files/Unity/Hub/Editor/2021.3.11f1/Editor/Data/Managed'
Mono path[1] = 'C:/Program Files/Unity/Hub/Editor/2021.3.11f1/Editor/Data/MonoBleedingEdge/lib/mono/unityjit-win32'
Mono config path = 'C:/Program Files/Unity/Hub/Editor/2021.3.11f1/Editor/Data/MonoBleedingEdge/etc'
Using monoOptions --debugger-agent=transport=dt_socket,embedding=1,server=y,suspend=n,address=127.0.0.1:56644
Begin MonoManager ReloadAssembly
Registering precompiled unity dll's ...
Register platform support module: C:/Program Files/Unity/Hub/Editor/2021.3.11f1/Editor/Data/PlaybackEngines/WebGLSupport/UnityEditor.WebGL.Extensions.dll
Register platform support module: C:/Program Files/Unity/Hub/Editor/2021.3.11f1/Editor/Data/PlaybackEngines/WindowsStandaloneSupport/UnityEditor.WindowsStandalone.Extensions.dll
Registered in 0.005895 seconds.
Native extension for WindowsStandalone target not found
Native extension for WebGL target not found
Refreshing native plugins compatible for Editor in 104.52 ms, found 4 plugins.
Preloading 0 native plugins for Editor in 0.00 ms.
Mono: successfully reloaded assembly
- Completed reload, in  0.714 seconds
Domain Reload Profiling:
	ReloadAssembly (715ms)
		BeginReloadAssembly (77ms)
			ExecutionOrderSort (0ms)
			DisableScriptedObjects (0ms)
			BackupInstance (0ms)
			ReleaseScriptingObjects (0ms)
			CreateAndSetChildDomain (1ms)
		EndReloadAssembly (509ms)
			LoadAssemblies (75ms)
			RebuildTransferFunctionScriptingTraits (0ms)
			SetupTypeCache (102ms)
			ReleaseScriptCaches (0ms)
			RebuildScriptCaches (29ms)
			SetupLoadedEditorAssemblies (323ms)
				LogAssemblyErrors (0ms)
				InitializePlatformSupportModulesInManaged (9ms)
				SetLoadedEditorAssemblies (0ms)
				RefreshPlugins (105ms)
				BeforeProcessingInitializeOnLoad (1ms)
				ProcessInitializeOnLoadAttributes (167ms)
				ProcessInitializeOnLoadMethodAttributes (41ms)
				AfterProcessingInitializeOnLoad (0ms)
				EditorAssembliesLoaded (0ms)
			ExecutionOrderSort2 (0ms)
			AwakeInstancesAfterBackupRestoration (0ms)
Platform modules already initialized, skipping
Registering precompiled user dll's ...
Registered in 0.010681 seconds.
Begin MonoManager ReloadAssembly
Symbol file LoadedFromMemory doesn't match image C:\Users\lulua\OneDrive\Documents\GitHub\Carbon\2D Runner\Library\PackageCache\com.unity.visualscripting@1.7.8\Editor\VisualScripting.Core\Dependencies\YamlDotNet\Unity.VisualScripting.YamlDotNet.dll
Symbol file LoadedFromMemory doesn't match image C:\Users\lulua\OneDrive\Documents\GitHub\Carbon\2D Runner\Library\PackageCache\com.unity.visualscripting@1.7.8\Editor\VisualScripting.Core\Dependencies\DotNetZip\Unity.VisualScripting.IonicZip.dll
Native extension for WindowsStandalone target not found
Native extension for WebGL target not found
Refreshing native plugins compatible for Editor in 89.88 ms, found 4 plugins.
Preloading 0 native plugins for Editor in 0.00 ms.
Mono: successfully reloaded assembly
- Completed reload, in  1.196 seconds
Domain Reload Profiling:
	ReloadAssembly (1197ms)
		BeginReloadAssembly (109ms)
			ExecutionOrderSort (0ms)
			DisableScriptedObjects (8ms)
			BackupInstance (0ms)
			ReleaseScriptingObjects (0ms)
			CreateAndSetChildDomain (18ms)
		EndReloadAssembly (963ms)
			LoadAssemblies (89ms)
			RebuildTransferFunctionScriptingTraits (0ms)
			SetupTypeCache (272ms)
			ReleaseScriptCaches (1ms)
			RebuildScriptCaches (60ms)
			SetupLoadedEditorAssemblies (491ms)
				LogAssemblyErrors (0ms)
				InitializePlatformSupportModulesInManaged (5ms)
				SetLoadedEditorAssemblies (0ms)
				RefreshPlugins (90ms)
				BeforeProcessingInitializeOnLoad (108ms)
				ProcessInitializeOnLoadAttributes (235ms)
				ProcessInitializeOnLoadMethodAttributes (45ms)
				AfterProcessingInitializeOnLoad (7ms)
				EditorAssembliesLoaded (0ms)
			ExecutionOrderSort2 (0ms)
			AwakeInstancesAfterBackupRestoration (6ms)
Platform modules already initialized, skipping
========================================================================
Worker process is ready to serve import requests
Launched and connected shader compiler UnityShaderCompiler.exe after 0.04 seconds
Refreshing native plugins compatible for Editor in 0.78 ms, found 4 plugins.
Preloading 0 native plugins for Editor in 0.00 ms.
Unloading 4031 Unused Serialized files (Serialized files now loaded: 0)
Unloading 44 unused Assets / (229.4 KB). Loaded Objects now: 4481.
Memory consumption went from 150.4 MB to 150.1 MB.
Total: 2.800700 ms (FindLiveObjects: 0.278700 ms CreateObjectMapping: 0.127000 ms MarkObjects: 2.246600 ms  DeleteObjects: 0.147600 ms)

AssetImportParameters requested are different than current active one (requested -> active):
  custom:video-decoder-ogg-theora: a1e56fd34408186e4bbccfd4996cb3dc -> 
  custom:container-muxer-webm: aa71ff27fc2769a1b78a27578f13a17b -> 
  custom:container-demuxer-webm: 4f35f7cbe854078d1ac9338744f61a02 -> 
  custom:video-encoder-webm-vp8: eb34c28f22e8b96e1ab97ce403110664 -> 
  custom:video-codec-MediaFoundation-h265: 746d11721c4dcdbdad8f713fa42b33f4 -> 
  custom:audio-encoder-webm-vorbis: bf7c407c2cedff20999df2af8eb42d56 -> 
  custom:framework-win-MediaFoundation: 216162199b28c13a410421893ffa2e32 -> 
  custom:container-demuxer-ogg: 62fdf1f143b41e24485cea50d1cbac27 -> 
  custom:video-decoder-webm-vp8: 9c59270c3fd7afecdb556c50c9e8de78 -> 
  custom:audio-decoder-ogg-vorbis: bf7c407c2cedff20999df2af8eb42d56 -> 
========================================================================
Received Import Request.
  Time since last request: 14924.566663 seconds.
  path: Assets/Sprites/Ninja Files/Ninja PNG/No Sword/SNinja_nosword_crouch 2.png
  artifactKey: Guid(1efa72f442ed5964cab4b8eb34628aa2) Importer(815301076,1909f56bfc062723c751e8b465ee728b)
Start importing Assets/Sprites/Ninja Files/Ninja PNG/No Sword/SNinja_nosword_crouch 2.png using Guid(1efa72f442ed5964cab4b8eb34628aa2) Importer(815301076,1909f56bfc062723c751e8b465ee728b)  -> (artifact id: '49fe25d104b1226f90d7efeb7265a23d') in 0.120602 seconds 
========================================================================
Received Import Request.
  Time since last request: 0.000026 seconds.
  path: Assets/Sprites/Ninja Files/Ninja PNG/No Sword/SNinja_nosword_jump 3.png
  artifactKey: Guid(dfb15cede197f504aa0f707777271d4c) Importer(815301076,1909f56bfc062723c751e8b465ee728b)
Start importing Assets/Sprites/Ninja Files/Ninja PNG/No Sword/SNinja_nosword_jump 3.png using Guid(dfb15cede197f504aa0f707777271d4c) Importer(815301076,1909f56bfc062723c751e8b465ee728b)  -> (artifact id: '03176d1d97f58ca88eb97798c4506ec0') in 0.050545 seconds 
========================================================================
Received Import Request.
  Time since last request: 0.000024 seconds.
  path: Assets/Sprites/Ninja Files/Ninja PNG/No Sword/SNinja_nosword_run 06.png
  artifactKey: Guid(7142df2c612491f4282ccd81c5059b40) Importer(815301076,1909f56bfc062723c751e8b465ee728b)
Start importing Assets/Sprites/Ninja Files/Ninja PNG/No Sword/SNinja_nosword_run 06.png using Guid(7142df2c612491f4282ccd81c5059b40) Importer(815301076,1909f56bfc062723c751e8b465ee728b)  -> (artifact id: '30ff55b08f9b8482dc9d895326c7e1ef') in 0.037144 seconds 
========================================================================
Received Import Request.
  Time since last request: 0.000035 seconds.
  path: Assets/Sprites/Ninja Files/Ninja PNG/No Sword/SNinja_nosword_run 09.png
  artifactKey: Guid(fae49ff079cca9e40bb4acaee9b278d8) Importer(815301076,1909f56bfc062723c751e8b465ee728b)
Start importing Assets/Sprites/Ninja Files/Ninja PNG/No Sword/SNinja_nosword_run 09.png using Guid(fae49ff079cca9e40bb4acaee9b278d8) Importer(815301076,1909f56bfc062723c751e8b465ee728b)  -> (artifact id: 'c816866d2c871d009f3c7ac0c4a59626') in 0.040480 seconds 
========================================================================
Received Import Request.
  Time since last request: 0.000041 seconds.
  path: Assets/Sprites/Ninja Files/Ninja PNG/No Sword/SNinja_nosword_idle 5.png
  artifactKey: Guid(dea3765aa08cf7449918a03f8d173e57) Importer(815301076,1909f56bfc062723c751e8b465ee728b)
Start importing Assets/Sprites/Ninja Files/Ninja PNG/No Sword/SNinja_nosword_idle 5.png using Guid(dea3765aa08cf7449918a03f8d173e57) Importer(815301076,1909f56bfc062723c751e8b465ee728b)  -> (artifact id: 'b9eb570e0b8801d4ff0ddbca3bac4e6d') in 0.045220 seconds 
========================================================================
Received Import Request.
  Time since last request: 0.000035 seconds.
  path: Assets/Sprites/Ninja Files/Ninja PNG/No Sword/SNinja_nosword_run 08.png
  artifactKey: Guid(fd6c6ab5f0c0d5241957811446fd3c62) Importer(815301076,1909f56bfc062723c751e8b465ee728b)
Start importing Assets/Sprites/Ninja Files/Ninja PNG/No Sword/SNinja_nosword_run 08.png using Guid(fd6c6ab5f0c0d5241957811446fd3c62) Importer(815301076,1909f56bfc062723c751e8b465ee728b)  -> (artifact id: '9145506b3487c4b01599e0a78b96c699') in 0.044528 seconds 
========================================================================
Received Import Request.
  Time since last request: 0.000020 seconds.
  path: Assets/Sprites/Ninja Files/Ninja PNG/No Sword/SNinja_nosword_crouch 3.png
  artifactKey: Guid(c3707bdf883c10d40b955bd68cf881fc) Importer(815301076,1909f56bfc062723c751e8b465ee728b)
Start importing Assets/Sprites/Ninja Files/Ninja PNG/No Sword/SNinja_nosword_crouch 3.png using Guid(c3707bdf883c10d40b955bd68cf881fc) Importer(815301076,1909f56bfc062723c751e8b465ee728b)  -> (artifact id: '4dbef636e22a09ce79271fbc77c7191b') in 0.046525 seconds 
========================================================================
Received Import Request.
  Time since last request: 0.000029 seconds.
  path: Assets/Sprites/Ninja Files/Ninja PNG/No Sword/SNinja_nosword_run 04.png
  artifactKey: Guid(a15ad2258fb4b2d459776c24ecf2e5ca) Importer(815301076,1909f56bfc062723c751e8b465ee728b)
Start importing Assets/Sprites/Ninja Files/Ninja PNG/No Sword/SNinja_nosword_run 04.png using Guid(a15ad2258fb4b2d459776c24ecf2e5ca) Importer(815301076,1909f56bfc062723c751e8b465ee728b)  -> (artifact id: '17781930335ad0ebfd43e8feb3ec4446') in 0.038063 seconds 
========================================================================
Received Import Request.
  Time since last request: 0.000031 seconds.
  path: Assets/Sprites/Ninja Files/Ninja PNG/No Sword/SNinja_nosword_idle 3.png
  artifactKey: Guid(162e56a8bf504ec4e86180b2fb2943ad) Importer(815301076,1909f56bfc062723c751e8b465ee728b)
Start importing Assets/Sprites/Ninja Files/Ninja PNG/No Sword/SNinja_nosword_idle 3.png using Guid(162e56a8bf504ec4e86180b2fb2943ad) Importer(815301076,1909f56bfc062723c751e8b465ee728b)  -> (artifact id: '1e1d52691b0b4bdd469ba8b521e90100') in 0.043331 seconds 
========================================================================
Received Import Request.
  Time since last request: 0.000036 seconds.
  path: Assets/Sprites/Ninja Files/Ninja PNG/No Sword/SNinja_nosword_jump 1.png
  artifactKey: Guid(acc03699cdfa34648b96651fe196826c) Importer(815301076,1909f56bfc062723c751e8b465ee728b)
Start importing Assets/Sprites/Ninja Files/Ninja PNG/No Sword/SNinja_nosword_jump 1.png using Guid(acc03699cdfa34648b96651fe196826c) Importer(815301076,1909f56bfc062723c751e8b465ee728b)  -> (artifact id: '4f23183edea4dcc65ae1a478cc889770') in 0.042773 seconds 
========================================================================
Received Import Request.
  Time since last request: 0.000029 seconds.
  path: Assets/Sprites/Ninja Files/Ninja PNG/No Sword/SNinja_nosword_crouchdash 2.png
  artifactKey: Guid(79fdacfc01a6d994fb8da9d99f7849c8) Importer(815301076,1909f56bfc062723c751e8b465ee728b)
Start importing Assets/Sprites/Ninja Files/Ninja PNG/No Sword/SNinja_nosword_crouchdash 2.png using Guid(79fdacfc01a6d994fb8da9d99f7849c8) Importer(815301076,1909f56bfc062723c751e8b465ee728b)  -> (artifact id: '666ad72b3f2e7df2817bd798ffa69f0a') in 0.044533 seconds 
========================================================================
Received Import Request.
  Time since last request: 0.000030 seconds.
  path: Assets/Sprites/Ninja Files/Ninja PNG/No Sword/SNinja_nosword_run 03.png
  artifactKey: Guid(402f1a8b033934a4881551f476725a87) Importer(815301076,1909f56bfc062723c751e8b465ee728b)
Start importing Assets/Sprites/Ninja Files/Ninja PNG/No Sword/SNinja_nosword_run 03.png using Guid(402f1a8b033934a4881551f476725a87) Importer(815301076,1909f56bfc062723c751e8b465ee728b)  -> (artifact id: 'c32ff6131797fadc8fecd9fde39ae912') in 0.038892 seconds 
========================================================================
Received Import Request.
  Time since last request: 0.000035 seconds.
  path: Assets/Sprites/Ninja Files/Ninja PNG/No Sword/SNinja_nosword_run 10.png
  artifactKey: Guid(bb55c35ef06ae0f44afa74154a63bbfe) Importer(815301076,1909f56bfc062723c751e8b465ee728b)
Start importing Assets/Sprites/Ninja Files/Ninja PNG/No Sword/SNinja_nosword_run 10.png using Guid(bb55c35ef06ae0f44afa74154a63bbfe) Importer(815301076,1909f56bfc062723c751e8b465ee728b)  -> (artifact id: '0557506cdcd4a7b0a6b90fdc17582c83') in 0.043824 seconds 
========================================================================
Received Import Request.
  Time since last request: 50.675143 seconds.
  path: Assets/Sprites/Ninja Files/Ninja PNG/1024 pixel/Items & FireBall/fireball 2.png
  artifactKey: Guid(276bca8046759e64a8ad47ee53d078d7) Importer(815301076,1909f56bfc062723c751e8b465ee728b)
Start importing Assets/Sprites/Ninja Files/Ninja PNG/1024 pixel/Items & FireBall/fireball 2.png using Guid(276bca8046759e64a8ad47ee53d078d7) Importer(815301076,1909f56bfc062723c751e8b465ee728b)  -> (artifact id: '26b7b00dcb15fd9e7c723688f3812dce') in 0.033700 seconds 
========================================================================
Received Import Request.
  Time since last request: 0.000030 seconds.
  path: Assets/Sprites/Ninja Files/Ninja PNG/1024 pixel/Items & FireBall/item2.png
  artifactKey: Guid(94610a6cf852bd34db2282434616eda7) Importer(815301076,1909f56bfc062723c751e8b465ee728b)
Start importing Assets/Sprites/Ninja Files/Ninja PNG/1024 pixel/Items & FireBall/item2.png using Guid(94610a6cf852bd34db2282434616eda7) Importer(815301076,1909f56bfc062723c751e8b465ee728b)  -> (artifact id: '1c63b67cb74ad784cc3698784a5ba9f2') in 0.037770 seconds 
========================================================================
Received Import Request.
  Time since last request: 0.000023 seconds.
  path: Assets/Sprites/Ninja Files/Ninja PNG/1024 pixel/Items & FireBall/item1.png
  artifactKey: Guid(4b382589e4cd0c841bccda2dccbfdff2) Importer(815301076,1909f56bfc062723c751e8b465ee728b)
Start importing Assets/Sprites/Ninja Files/Ninja PNG/1024 pixel/Items & FireBall/item1.png using Guid(4b382589e4cd0c841bccda2dccbfdff2) Importer(815301076,1909f56bfc062723c751e8b465ee728b)  -> (artifact id: '27c9f37b8ccb59b793509b17c487f9e9') in 0.036324 seconds 
========================================================================
Received Import Request.
  Time since last request: 0.000025 seconds.
  path: Assets/Sprites/Ninja Files/Ninja PNG/1024 pixel/Items & FireBall/fireball 4.png
  artifactKey: Guid(bccf180cdb2998e44a251a68f9338b4c) Importer(815301076,1909f56bfc062723c751e8b465ee728b)
Start importing Assets/Sprites/Ninja Files/Ninja PNG/1024 pixel/Items & FireBall/fireball 4.png using Guid(bccf180cdb2998e44a251a68f9338b4c) Importer(815301076,1909f56bfc062723c751e8b465ee728b)  -> (artifact id: 'aa0d7850fad5abae6fadd3f1f0aad4fe') in 0.033381 seconds 
========================================================================
Received Prepare
Registering precompiled user dll's ...
Registered in 0.013643 seconds.
Begin MonoManager ReloadAssembly
Symbol file LoadedFromMemory doesn't match image C:\Users\lulua\OneDrive\Documents\GitHub\Carbon\2D Runner\Library\PackageCache\com.unity.visualscripting@1.7.8\Editor\VisualScripting.Core\Dependencies\YamlDotNet\Unity.VisualScripting.YamlDotNet.dll
Symbol file LoadedFromMemory doesn't match image C:\Users\lulua\OneDrive\Documents\GitHub\Carbon\2D Runner\Library\PackageCache\com.unity.visualscripting@1.7.8\Editor\VisualScripting.Core\Dependencies\DotNetZip\Unity.VisualScripting.IonicZip.dll
Native extension for WindowsStandalone target not found
Native extension for WebGL target not found
Refreshing native plugins compatible for Editor in 1.46 ms, found 4 plugins.
Preloading 0 native plugins for Editor in 0.00 ms.
Mono: successfully reloaded assembly
- Completed reload, in  1.533 seconds
Domain Reload Profiling:
	ReloadAssembly (1534ms)
		BeginReloadAssembly (178ms)
			ExecutionOrderSort (0ms)
			DisableScriptedObjects (9ms)
			BackupInstance (0ms)
			ReleaseScriptingObjects (0ms)
			CreateAndSetChildDomain (51ms)
		EndReloadAssembly (1200ms)
			LoadAssemblies (146ms)
			RebuildTransferFunctionScriptingTraits (0ms)
			SetupTypeCache (416ms)
			ReleaseScriptCaches (2ms)
			RebuildScriptCaches (69ms)
			SetupLoadedEditorAssemblies (494ms)
				LogAssemblyErrors (0ms)
				InitializePlatformSupportModulesInManaged (19ms)
				SetLoadedEditorAssemblies (1ms)
				RefreshPlugins (2ms)
				BeforeProcessingInitializeOnLoad (111ms)
				ProcessInitializeOnLoadAttributes (299ms)
				ProcessInitializeOnLoadMethodAttributes (52ms)
				AfterProcessingInitializeOnLoad (10ms)
				EditorAssembliesLoaded (0ms)
			ExecutionOrderSort2 (0ms)
			AwakeInstancesAfterBackupRestoration (13ms)
Platform modules already initialized, skipping
Refreshing native plugins compatible for Editor in 5.03 ms, found 4 plugins.
Preloading 0 native plugins for Editor in 0.00 ms.
Unloading 4026 Unused Serialized files (Serialized files now loaded: 0)
Unloading 31 unused Assets / (195.7 KB). Loaded Objects now: 4500.
Memory consumption went from 154.7 MB to 154.5 MB.
Total: 4.692400 ms (FindLiveObjects: 0.452000 ms CreateObjectMapping: 0.583700 ms MarkObjects: 3.447300 ms  DeleteObjects: 0.208100 ms)

AssetImportParameters requested are different than current active one (requested -> active):
  custom:video-decoder-ogg-theora: a1e56fd34408186e4bbccfd4996cb3dc -> 
  custom:container-muxer-webm: aa71ff27fc2769a1b78a27578f13a17b -> 
  custom:container-demuxer-webm: 4f35f7cbe854078d1ac9338744f61a02 -> 
  custom:video-encoder-webm-vp8: eb34c28f22e8b96e1ab97ce403110664 -> 
  custom:video-codec-MediaFoundation-h265: 746d11721c4dcdbdad8f713fa42b33f4 -> 
  custom:audio-encoder-webm-vorbis: bf7c407c2cedff20999df2af8eb42d56 -> 
  custom:framework-win-MediaFoundation: 216162199b28c13a410421893ffa2e32 -> 
  custom:container-demuxer-ogg: 62fdf1f143b41e24485cea50d1cbac27 -> 
  custom:video-decoder-webm-vp8: 9c59270c3fd7afecdb556c50c9e8de78 -> 
  custom:audio-decoder-ogg-vorbis: bf7c407c2cedff20999df2af8eb42d56 -> 
========================================================================
Received Prepare
Registering precompiled user dll's ...
Registered in 0.011080 seconds.
Begin MonoManager ReloadAssembly
Symbol file LoadedFromMemory doesn't match image C:\Users\lulua\OneDrive\Documents\GitHub\Carbon\2D Runner\Library\PackageCache\com.unity.visualscripting@1.7.8\Editor\VisualScripting.Core\Dependencies\YamlDotNet\Unity.VisualScripting.YamlDotNet.dll
Symbol file LoadedFromMemory doesn't match image C:\Users\lulua\OneDrive\Documents\GitHub\Carbon\2D Runner\Library\PackageCache\com.unity.visualscripting@1.7.8\Editor\VisualScripting.Core\Dependencies\DotNetZip\Unity.VisualScripting.IonicZip.dll
Native extension for WindowsStandalone target not found
Native extension for WebGL target not found
Refreshing native plugins compatible for Editor in 0.97 ms, found 4 plugins.
Preloading 0 native plugins for Editor in 0.00 ms.
Mono: successfully reloaded assembly
- Completed reload, in  1.341 seconds
Domain Reload Profiling:
	ReloadAssembly (1341ms)
		BeginReloadAssembly (146ms)
			ExecutionOrderSort (0ms)
			DisableScriptedObjects (7ms)
			BackupInstance (0ms)
			ReleaseScriptingObjects (0ms)
			CreateAndSetChildDomain (38ms)
		EndReloadAssembly (1052ms)
			LoadAssemblies (113ms)
			RebuildTransferFunctionScriptingTraits (0ms)
			SetupTypeCache (336ms)
			ReleaseScriptCaches (2ms)
			RebuildScriptCaches (59ms)
			SetupLoadedEditorAssemblies (474ms)
				LogAssemblyErrors (0ms)
				InitializePlatformSupportModulesInManaged (19ms)
				SetLoadedEditorAssemblies (0ms)
				RefreshPlugins (1ms)
				BeforeProcessingInitializeOnLoad (101ms)
				ProcessInitializeOnLoadAttributes (294ms)
				ProcessInitializeOnLoadMethodAttributes (53ms)
				AfterProcessingInitializeOnLoad (7ms)
				EditorAssembliesLoaded (0ms)
			ExecutionOrderSort2 (0ms)
			AwakeInstancesAfterBackupRestoration (12ms)
Platform modules already initialized, skipping
Refreshing native plugins compatible for Editor in 5.46 ms, found 4 plugins.
Preloading 0 native plugins for Editor in 0.00 ms.
Unloading 4026 Unused Serialized files (Serialized files now loaded: 0)
Unloading 31 unused Assets / (195.9 KB). Loaded Objects now: 4503.
Memory consumption went from 154.7 MB to 154.5 MB.
Total: 3.895800 ms (FindLiveObjects: 0.378700 ms CreateObjectMapping: 0.197400 ms MarkObjects: 3.166700 ms  DeleteObjects: 0.151300 ms)

AssetImportParameters requested are different than current active one (requested -> active):
  custom:video-decoder-ogg-theora: a1e56fd34408186e4bbccfd4996cb3dc -> 
  custom:container-muxer-webm: aa71ff27fc2769a1b78a27578f13a17b -> 
  custom:container-demuxer-webm: 4f35f7cbe854078d1ac9338744f61a02 -> 
  custom:video-encoder-webm-vp8: eb34c28f22e8b96e1ab97ce403110664 -> 
  custom:video-codec-MediaFoundation-h265: 746d11721c4dcdbdad8f713fa42b33f4 -> 
  custom:audio-encoder-webm-vorbis: bf7c407c2cedff20999df2af8eb42d56 -> 
  custom:framework-win-MediaFoundation: 216162199b28c13a410421893ffa2e32 -> 
  custom:container-demuxer-ogg: 62fdf1f143b41e24485cea50d1cbac27 -> 
  custom:video-decoder-webm-vp8: 9c59270c3fd7afecdb556c50c9e8de78 -> 
  custom:audio-decoder-ogg-vorbis: bf7c407c2cedff20999df2af8eb42d56 -> 
