Using pre-set license
Built from '2021.3/staging' branch; Version is '2021.3.13f1 (9e7d58001ecf) revision 10386776'; Using compiler version '192829333'; Build Type 'Release'
OS: 'Windows 11  (10.0.22000) 64bit Core' Language: 'en' Physical Memory: 7524 MB
BatchMode: 1, IsHumanControllingUs: 0, StartBugReporterOnCrash: 0, Is64bit: 1, IsPro: 1

COMMAND LINE ARGUMENTS:
C:\Program Files\Unity\Hub\Editor\2021.3.13f1\Editor\Unity.exe
-adb2
-batchMode
-noUpm
-name
AssetImportWorker2
-projectPath
C:/Users/timbu/Desktop/2D Runner
-logFile
Logs/AssetImportWorker2.log
-srvPort
50736
Successfully changed project path to: C:/Users/timbu/Desktop/2D Runner
C:/Users/timbu/Desktop/2D Runner
[UnityMemory] Configuration Parameters - Can be set up in boot.config
    "memorysetup-bucket-allocator-granularity=16"
    "memorysetup-bucket-allocator-bucket-count=8"
    "memorysetup-bucket-allocator-block-size=33554432"
    "memorysetup-bucket-allocator-block-count=8"
    "memorysetup-main-allocator-block-size=16777216"
    "memorysetup-thread-allocator-block-size=16777216"
    "memorysetup-gfx-main-allocator-block-size=16777216"
    "memorysetup-gfx-thread-allocator-block-size=16777216"
    "memorysetup-cache-allocator-block-size=4194304"
    "memorysetup-typetree-allocator-block-size=2097152"
    "memorysetup-profiler-bucket-allocator-granularity=16"
    "memorysetup-profiler-bucket-allocator-bucket-count=8"
    "memorysetup-profiler-bucket-allocator-block-size=33554432"
    "memorysetup-profiler-bucket-allocator-block-count=8"
    "memorysetup-profiler-allocator-block-size=16777216"
    "memorysetup-profiler-editor-allocator-block-size=1048576"
    "memorysetup-temp-allocator-size-main=16777216"
    "memorysetup-job-temp-allocator-block-size=2097152"
    "memorysetup-job-temp-allocator-block-size-background=1048576"
    "memorysetup-job-temp-allocator-reduction-small-platforms=262144"
    "memorysetup-temp-allocator-size-background-worker=32768"
    "memorysetup-temp-allocator-size-job-worker=262144"
    "memorysetup-temp-allocator-size-preload-manager=33554432"
    "memorysetup-temp-allocator-size-nav-mesh-worker=65536"
    "memorysetup-temp-allocator-size-audio-worker=65536"
    "memorysetup-temp-allocator-size-cloud-worker=32768"
    "memorysetup-temp-allocator-size-gi-baking-worker=262144"
    "memorysetup-temp-allocator-size-gfx=262144"
Refreshing native plugins compatible for Editor in 94.79 ms, found 4 plugins.
Preloading 0 native plugins for Editor in 0.00 ms.
Initialize engine version: 2021.3.13f1 (9e7d58001ecf)
[Subsystems] Discovering subsystems at path C:/Program Files/Unity/Hub/Editor/2021.3.13f1/Editor/Data/Resources/UnitySubsystems
[Subsystems] Discovering subsystems at path C:/Users/timbu/Desktop/2D Runner/Assets
GfxDevice: creating device client; threaded=0; jobified=0
Direct3D:
    Version:  Direct3D 11.0 [level 11.1]
    Renderer: NVIDIA GeForce GTX 1650 (ID=0x1f99)
    Vendor:   NVIDIA
    VRAM:     3962 MB
    Driver:   30.0.15.1278
Initialize mono
Mono path[0] = 'C:/Program Files/Unity/Hub/Editor/2021.3.13f1/Editor/Data/Managed'
Mono path[1] = 'C:/Program Files/Unity/Hub/Editor/2021.3.13f1/Editor/Data/MonoBleedingEdge/lib/mono/unityjit-win32'
Mono config path = 'C:/Program Files/Unity/Hub/Editor/2021.3.13f1/Editor/Data/MonoBleedingEdge/etc'
Using monoOptions --debugger-agent=transport=dt_socket,embedding=1,server=y,suspend=n,address=127.0.0.1:56236
Begin MonoManager ReloadAssembly
Registering precompiled unity dll's ...
Register platform support module: C:/Program Files/Unity/Hub/Editor/2021.3.13f1/Editor/Data/PlaybackEngines/WindowsStandaloneSupport/UnityEditor.WindowsStandalone.Extensions.dll
Registered in 0.004580 seconds.
Native extension for WindowsStandalone target not found
Refreshing native plugins compatible for Editor in 92.41 ms, found 4 plugins.
Preloading 0 native plugins for Editor in 0.00 ms.
Mono: successfully reloaded assembly
- Completed reload, in  0.726 seconds
Domain Reload Profiling:
	ReloadAssembly (727ms)
		BeginReloadAssembly (74ms)
			ExecutionOrderSort (0ms)
			DisableScriptedObjects (0ms)
			BackupInstance (0ms)
			ReleaseScriptingObjects (0ms)
			CreateAndSetChildDomain (1ms)
		EndReloadAssembly (534ms)
			LoadAssemblies (70ms)
			RebuildTransferFunctionScriptingTraits (0ms)
			SetupTypeCache (102ms)
			ReleaseScriptCaches (0ms)
			RebuildScriptCaches (24ms)
			SetupLoadedEditorAssemblies (349ms)
				LogAssemblyErrors (0ms)
				InitializePlatformSupportModulesInManaged (7ms)
				SetLoadedEditorAssemblies (0ms)
				RefreshPlugins (92ms)
				BeforeProcessingInitializeOnLoad (1ms)
				ProcessInitializeOnLoadAttributes (164ms)
				ProcessInitializeOnLoadMethodAttributes (85ms)
				AfterProcessingInitializeOnLoad (0ms)
				EditorAssembliesLoaded (0ms)
			ExecutionOrderSort2 (0ms)
			AwakeInstancesAfterBackupRestoration (0ms)
Platform modules already initialized, skipping
Registering precompiled user dll's ...
Registered in 0.012007 seconds.
Begin MonoManager ReloadAssembly
Symbol file LoadedFromMemory doesn't match image C:\Users\timbu\Desktop\2D Runner\Library\PackageCache\com.unity.visualscripting@1.7.8\Editor\VisualScripting.Core\Dependencies\YamlDotNet\Unity.VisualScripting.YamlDotNet.dll
Symbol file LoadedFromMemory doesn't match image C:\Users\timbu\Desktop\2D Runner\Library\PackageCache\com.unity.visualscripting@1.7.8\Editor\VisualScripting.Core\Dependencies\DotNetZip\Unity.VisualScripting.IonicZip.dll
Native extension for WindowsStandalone target not found
Refreshing native plugins compatible for Editor in 79.35 ms, found 4 plugins.
Preloading 0 native plugins for Editor in 0.00 ms.
Mono: successfully reloaded assembly
- Completed reload, in  0.980 seconds
Domain Reload Profiling:
	ReloadAssembly (980ms)
		BeginReloadAssembly (99ms)
			ExecutionOrderSort (0ms)
			DisableScriptedObjects (5ms)
			BackupInstance (0ms)
			ReleaseScriptingObjects (0ms)
			CreateAndSetChildDomain (20ms)
		EndReloadAssembly (779ms)
			LoadAssemblies (84ms)
			RebuildTransferFunctionScriptingTraits (0ms)
			SetupTypeCache (189ms)
			ReleaseScriptCaches (1ms)
			RebuildScriptCaches (43ms)
			SetupLoadedEditorAssemblies (420ms)
				LogAssemblyErrors (0ms)
				InitializePlatformSupportModulesInManaged (4ms)
				SetLoadedEditorAssemblies (0ms)
				RefreshPlugins (79ms)
				BeforeProcessingInitializeOnLoad (85ms)
				ProcessInitializeOnLoadAttributes (202ms)
				ProcessInitializeOnLoadMethodAttributes (39ms)
				AfterProcessingInitializeOnLoad (10ms)
				EditorAssembliesLoaded (0ms)
			ExecutionOrderSort2 (0ms)
			AwakeInstancesAfterBackupRestoration (5ms)
Platform modules already initialized, skipping
========================================================================
Worker process is ready to serve import requests
Launched and connected shader compiler UnityShaderCompiler.exe after 0.04 seconds
Refreshing native plugins compatible for Editor in 0.98 ms, found 4 plugins.
Preloading 0 native plugins for Editor in 0.00 ms.
Unloading 4042 Unused Serialized files (Serialized files now loaded: 0)
Unloading 44 unused Assets / (229.3 KB). Loaded Objects now: 4492.
Memory consumption went from 150.6 MB to 150.4 MB.
Total: 2.959800 ms (FindLiveObjects: 0.278100 ms CreateObjectMapping: 0.120300 ms MarkObjects: 2.402000 ms  DeleteObjects: 0.158400 ms)

AssetImportParameters requested are different than current active one (requested -> active):
  custom:video-decoder-ogg-theora: a1e56fd34408186e4bbccfd4996cb3dc -> 
  custom:container-muxer-webm: aa71ff27fc2769a1b78a27578f13a17b -> 
  custom:container-demuxer-webm: 4f35f7cbe854078d1ac9338744f61a02 -> 
  custom:video-encoder-webm-vp8: eb34c28f22e8b96e1ab97ce403110664 -> 
  custom:video-codec-MediaFoundation-h265: 746d11721c4dcdbdad8f713fa42b33f4 -> 
  custom:audio-encoder-webm-vorbis: bf7c407c2cedff20999df2af8eb42d56 -> 
  custom:framework-win-MediaFoundation: 216162199b28c13a410421893ffa2e32 -> 
  custom:container-demuxer-ogg: 62fdf1f143b41e24485cea50d1cbac27 -> 
  custom:video-decoder-webm-vp8: 9c59270c3fd7afecdb556c50c9e8de78 -> 
  custom:audio-decoder-ogg-vorbis: bf7c407c2cedff20999df2af8eb42d56 -> 
========================================================================
Received Import Request.
  Time since last request: 506077.027753 seconds.
  path: Assets/Sprites/Ninja Files/Ninja PNG/1024 pixel/No Sword/SNinja_nosword_crouch 1.png
  artifactKey: Guid(5dc8b2f4728d1da44bde3a26874dacaf) Importer(815301076,1909f56bfc062723c751e8b465ee728b)
Start importing Assets/Sprites/Ninja Files/Ninja PNG/1024 pixel/No Sword/SNinja_nosword_crouch 1.png using Guid(5dc8b2f4728d1da44bde3a26874dacaf) Importer(815301076,1909f56bfc062723c751e8b465ee728b)  -> (artifact id: '24147e430f0a189689699eadfb8c96de') in 0.215657 seconds 
========================================================================
Received Import Request.
  Time since last request: 7.683643 seconds.
  path: Assets/Sprites/Ninja Files/Ninja PNG/1024 pixel/Sword/SNinja_Atk 1.png
  artifactKey: Guid(79f5867319f0cb74a95194bb9d4f2df4) Importer(815301076,1909f56bfc062723c751e8b465ee728b)
Start importing Assets/Sprites/Ninja Files/Ninja PNG/1024 pixel/Sword/SNinja_Atk 1.png using Guid(79f5867319f0cb74a95194bb9d4f2df4) Importer(815301076,1909f56bfc062723c751e8b465ee728b)  -> (artifact id: 'a668671917b261b47cb15d363b962d05') in 0.089149 seconds 
========================================================================
Received Import Request.
  Time since last request: 0.000018 seconds.
  path: Assets/Sprites/Ninja Files/Ninja PNG/1024 pixel/Sword/SNinja_Atk 4.png
  artifactKey: Guid(01ea824532a16ff4a8426c7b7006de3d) Importer(815301076,1909f56bfc062723c751e8b465ee728b)
Start importing Assets/Sprites/Ninja Files/Ninja PNG/1024 pixel/Sword/SNinja_Atk 4.png using Guid(01ea824532a16ff4a8426c7b7006de3d) Importer(815301076,1909f56bfc062723c751e8b465ee728b)  -> (artifact id: '43f3af28ed76c8c160bbd0323cf99c4c') in 0.072330 seconds 
========================================================================
Received Import Request.
  Time since last request: 0.000046 seconds.
  path: Assets/Sprites/Ninja Files/Ninja PNG/Sword/SNinja_crouchdash 1.png
  artifactKey: Guid(a9ed98873af4cba4ca76829483d9ab4c) Importer(815301076,1909f56bfc062723c751e8b465ee728b)
Start importing Assets/Sprites/Ninja Files/Ninja PNG/Sword/SNinja_crouchdash 1.png using Guid(a9ed98873af4cba4ca76829483d9ab4c) Importer(815301076,1909f56bfc062723c751e8b465ee728b)  -> (artifact id: 'ab1e035f5684b47926c63f94d1c75e8d') in 0.027270 seconds 
========================================================================
Received Import Request.
  Time since last request: 0.000041 seconds.
  path: Assets/Sprites/Ninja Files/Ninja PNG/1024 pixel/Sword/SNinja_crouch 2.png
  artifactKey: Guid(6237009640ef65d40bc44e8646b1ac46) Importer(815301076,1909f56bfc062723c751e8b465ee728b)
Start importing Assets/Sprites/Ninja Files/Ninja PNG/1024 pixel/Sword/SNinja_crouch 2.png using Guid(6237009640ef65d40bc44e8646b1ac46) Importer(815301076,1909f56bfc062723c751e8b465ee728b)  -> (artifact id: '205815b7551e5fa93a0fa1b5e1c6c974') in 0.036531 seconds 
========================================================================
Received Import Request.
  Time since last request: 0.000018 seconds.
  path: Assets/Sprites/Ninja Files/Ninja PNG/Sword/SNinja_crouch 2.png
  artifactKey: Guid(e8c8739792537bc4b94123d7f7bbeddd) Importer(815301076,1909f56bfc062723c751e8b465ee728b)
Start importing Assets/Sprites/Ninja Files/Ninja PNG/Sword/SNinja_crouch 2.png using Guid(e8c8739792537bc4b94123d7f7bbeddd) Importer(815301076,1909f56bfc062723c751e8b465ee728b)  -> (artifact id: 'b5495a6992b5401b21b69e6a55d400ea') in 0.021269 seconds 
========================================================================
Received Import Request.
  Time since last request: 0.000031 seconds.
  path: Assets/Sprites/Ninja Files/Ninja PNG/1024 pixel/Sword/SNinja_crouchdash 2.png
  artifactKey: Guid(28c275a68002c284ab1df78b7cf5e7a0) Importer(815301076,1909f56bfc062723c751e8b465ee728b)
Start importing Assets/Sprites/Ninja Files/Ninja PNG/1024 pixel/Sword/SNinja_crouchdash 2.png using Guid(28c275a68002c284ab1df78b7cf5e7a0) Importer(815301076,1909f56bfc062723c751e8b465ee728b)  -> (artifact id: '6cecfd14e1b9665626a2ff9f30c6ef59') in 0.037889 seconds 
========================================================================
Received Import Request.
  Time since last request: 0.000030 seconds.
  path: Assets/Sprites/Ninja Files/Ninja PNG/Sword/SNinja_Atk 4.png
  artifactKey: Guid(93c33ca7cb3a1d24287406a0e08b8a22) Importer(815301076,1909f56bfc062723c751e8b465ee728b)
Start importing Assets/Sprites/Ninja Files/Ninja PNG/Sword/SNinja_Atk 4.png using Guid(93c33ca7cb3a1d24287406a0e08b8a22) Importer(815301076,1909f56bfc062723c751e8b465ee728b)  -> (artifact id: '67097127b574c684bfd439668fe5d5b1') in 0.018864 seconds 
========================================================================
Received Import Request.
  Time since last request: 0.000026 seconds.
  path: Assets/Sprites/Ninja Files/Ninja PNG/Sword/SNinja_crouch 3.png
  artifactKey: Guid(39b4a38a98cb74a42b5a199bcf02aeee) Importer(815301076,1909f56bfc062723c751e8b465ee728b)
Start importing Assets/Sprites/Ninja Files/Ninja PNG/Sword/SNinja_crouch 3.png using Guid(39b4a38a98cb74a42b5a199bcf02aeee) Importer(815301076,1909f56bfc062723c751e8b465ee728b)  -> (artifact id: 'efad1dd9a9a48b51a2f4005c848b97f0') in 0.015983 seconds 
========================================================================
Received Import Request.
  Time since last request: 3.493403 seconds.
  path: Assets/Sprites/Ninja Files/Ninja PNG/1024 pixel/Sword/SNinja_run 03.png
  artifactKey: Guid(aab7208b2d649734f902b47393ae4397) Importer(815301076,1909f56bfc062723c751e8b465ee728b)
Start importing Assets/Sprites/Ninja Files/Ninja PNG/1024 pixel/Sword/SNinja_run 03.png using Guid(aab7208b2d649734f902b47393ae4397) Importer(815301076,1909f56bfc062723c751e8b465ee728b)  -> (artifact id: '37ab6ac3039b0f7cd74116a2cbb8edf3') in 0.070607 seconds 
========================================================================
Received Import Request.
  Time since last request: 103.671336 seconds.
  path: Assets/Sprites/Ninja Files/Ninja PNG/1024 pixel/Sword/SNinja_skill 1.png
  artifactKey: Guid(686e256a3cc7266409d480f5c00b8c60) Importer(815301076,1909f56bfc062723c751e8b465ee728b)
Start importing Assets/Sprites/Ninja Files/Ninja PNG/1024 pixel/Sword/SNinja_skill 1.png using Guid(686e256a3cc7266409d480f5c00b8c60) Importer(815301076,1909f56bfc062723c751e8b465ee728b)  -> (artifact id: '5e136180f4a37f69ecb62b1b2eeaa52f') in 0.096120 seconds 
========================================================================
Received Import Request.
  Time since last request: 0.000026 seconds.
  path: Assets/Sprites/Ninja Files/Ninja PNG/Sword/SNinja_skill 2.png
  artifactKey: Guid(1fe292cb968415e42a485e5a8ff517a5) Importer(815301076,1909f56bfc062723c751e8b465ee728b)
Start importing Assets/Sprites/Ninja Files/Ninja PNG/Sword/SNinja_skill 2.png using Guid(1fe292cb968415e42a485e5a8ff517a5) Importer(815301076,1909f56bfc062723c751e8b465ee728b)  -> (artifact id: '19c246b6333575e44e7ffe16065e5c46') in 0.028537 seconds 
========================================================================
Received Import Request.
  Time since last request: 0.000060 seconds.
  path: Assets/Sprites/Ninja Files/Ninja PNG/Sword/SNinja_skill 3.png
  artifactKey: Guid(d0f9eb25f9da744449cc3fd310840da2) Importer(815301076,1909f56bfc062723c751e8b465ee728b)
Start importing Assets/Sprites/Ninja Files/Ninja PNG/Sword/SNinja_skill 3.png using Guid(d0f9eb25f9da744449cc3fd310840da2) Importer(815301076,1909f56bfc062723c751e8b465ee728b)  -> (artifact id: '4c097433390371317698d1ffe047f967') in 0.029994 seconds 
Editor requested this worker to shutdown with reason: Scaling down because of idle timeout
AssetImportWorker is now disconnected from the server
Process exiting
Exiting without the bug reporter. Application will terminate with return code 0