Using pre-set license
Built from '2021.3/staging' branch; Version is '2021.3.11f1 (0a5ca18544bf) revision 679073'; Using compiler version '192829333'; Build Type 'Release'
OS: 'Windows 11  (10.0.22000) 64bit Core' Language: 'en' Physical Memory: 16110 MB
BatchMode: 1, IsHumanControllingUs: 0, StartBugReporterOnCrash: 0, Is64bit: 1, IsPro: 1

COMMAND LINE ARGUMENTS:
C:\Program Files\Unity\Hub\Editor\2021.3.11f1\Editor\Unity.exe
-adb2
-batchMode
-noUpm
-name
AssetImportWorker1
-projectPath
C:/Users/lulua/OneDrive/Documents/GitHub/Carbon/2D Runner
-logFile
Logs/AssetImportWorker1.log
-srvPort
61649
Successfully changed project path to: C:/Users/lulua/OneDrive/Documents/GitHub/Carbon/2D Runner
C:/Users/lulua/OneDrive/Documents/GitHub/Carbon/2D Runner
[UnityMemory] Configuration Parameters - Can be set up in boot.config
    "memorysetup-bucket-allocator-granularity=16"
    "memorysetup-bucket-allocator-bucket-count=8"
    "memorysetup-bucket-allocator-block-size=33554432"
    "memorysetup-bucket-allocator-block-count=8"
    "memorysetup-main-allocator-block-size=16777216"
    "memorysetup-thread-allocator-block-size=16777216"
    "memorysetup-gfx-main-allocator-block-size=16777216"
    "memorysetup-gfx-thread-allocator-block-size=16777216"
    "memorysetup-cache-allocator-block-size=4194304"
    "memorysetup-typetree-allocator-block-size=2097152"
    "memorysetup-profiler-bucket-allocator-granularity=16"
    "memorysetup-profiler-bucket-allocator-bucket-count=8"
    "memorysetup-profiler-bucket-allocator-block-size=33554432"
    "memorysetup-profiler-bucket-allocator-block-count=8"
    "memorysetup-profiler-allocator-block-size=16777216"
    "memorysetup-profiler-editor-allocator-block-size=1048576"
    "memorysetup-temp-allocator-size-main=16777216"
    "memorysetup-job-temp-allocator-block-size=2097152"
    "memorysetup-job-temp-allocator-block-size-background=1048576"
    "memorysetup-job-temp-allocator-reduction-small-platforms=262144"
    "memorysetup-temp-allocator-size-background-worker=32768"
    "memorysetup-temp-allocator-size-job-worker=262144"
    "memorysetup-temp-allocator-size-preload-manager=33554432"
    "memorysetup-temp-allocator-size-nav-mesh-worker=65536"
    "memorysetup-temp-allocator-size-audio-worker=65536"
    "memorysetup-temp-allocator-size-cloud-worker=32768"
    "memorysetup-temp-allocator-size-gi-baking-worker=262144"
    "memorysetup-temp-allocator-size-gfx=262144"
Refreshing native plugins compatible for Editor in 118.70 ms, found 4 plugins.
Preloading 0 native plugins for Editor in 0.00 ms.
Initialize engine version: 2021.3.11f1 (0a5ca18544bf)
[Subsystems] Discovering subsystems at path C:/Program Files/Unity/Hub/Editor/2021.3.11f1/Editor/Data/Resources/UnitySubsystems
[Subsystems] Discovering subsystems at path C:/Users/lulua/OneDrive/Documents/GitHub/Carbon/2D Runner/Assets
GfxDevice: creating device client; threaded=0; jobified=0
Direct3D:
    Version:  Direct3D 11.0 [level 11.1]
    Renderer: Intel(R) Iris(R) Xe MAX Graphics (ID=0x4905)
    Vendor:   Intel
    VRAM:     3996 MB
    Driver:   31.0.101.3616
Initialize mono
Mono path[0] = 'C:/Program Files/Unity/Hub/Editor/2021.3.11f1/Editor/Data/Managed'
Mono path[1] = 'C:/Program Files/Unity/Hub/Editor/2021.3.11f1/Editor/Data/MonoBleedingEdge/lib/mono/unityjit-win32'
Mono config path = 'C:/Program Files/Unity/Hub/Editor/2021.3.11f1/Editor/Data/MonoBleedingEdge/etc'
Using monoOptions --debugger-agent=transport=dt_socket,embedding=1,server=y,suspend=n,address=127.0.0.1:56084
Begin MonoManager ReloadAssembly
Registering precompiled unity dll's ...
Register platform support module: C:/Program Files/Unity/Hub/Editor/2021.3.11f1/Editor/Data/PlaybackEngines/WebGLSupport/UnityEditor.WebGL.Extensions.dll
Register platform support module: C:/Program Files/Unity/Hub/Editor/2021.3.11f1/Editor/Data/PlaybackEngines/WindowsStandaloneSupport/UnityEditor.WindowsStandalone.Extensions.dll
Registered in 0.006153 seconds.
Native extension for WindowsStandalone target not found
Native extension for WebGL target not found
Refreshing native plugins compatible for Editor in 101.38 ms, found 4 plugins.
Preloading 0 native plugins for Editor in 0.00 ms.
Mono: successfully reloaded assembly
- Completed reload, in  0.707 seconds
Domain Reload Profiling:
	ReloadAssembly (707ms)
		BeginReloadAssembly (73ms)
			ExecutionOrderSort (0ms)
			DisableScriptedObjects (0ms)
			BackupInstance (0ms)
			ReleaseScriptingObjects (0ms)
			CreateAndSetChildDomain (1ms)
		EndReloadAssembly (512ms)
			LoadAssemblies (71ms)
			RebuildTransferFunctionScriptingTraits (0ms)
			SetupTypeCache (115ms)
			ReleaseScriptCaches (0ms)
			RebuildScriptCaches (27ms)
			SetupLoadedEditorAssemblies (322ms)
				LogAssemblyErrors (0ms)
				InitializePlatformSupportModulesInManaged (9ms)
				SetLoadedEditorAssemblies (0ms)
				RefreshPlugins (101ms)
				BeforeProcessingInitializeOnLoad (2ms)
				ProcessInitializeOnLoadAttributes (160ms)
				ProcessInitializeOnLoadMethodAttributes (48ms)
				AfterProcessingInitializeOnLoad (0ms)
				EditorAssembliesLoaded (0ms)
			ExecutionOrderSort2 (0ms)
			AwakeInstancesAfterBackupRestoration (0ms)
Platform modules already initialized, skipping
Registering precompiled user dll's ...
Registered in 0.009709 seconds.
Begin MonoManager ReloadAssembly
Symbol file LoadedFromMemory doesn't match image C:\Users\lulua\OneDrive\Documents\GitHub\Carbon\2D Runner\Library\PackageCache\com.unity.visualscripting@1.7.8\Editor\VisualScripting.Core\Dependencies\YamlDotNet\Unity.VisualScripting.YamlDotNet.dll
Symbol file LoadedFromMemory doesn't match image C:\Users\lulua\OneDrive\Documents\GitHub\Carbon\2D Runner\Library\PackageCache\com.unity.visualscripting@1.7.8\Editor\VisualScripting.Core\Dependencies\DotNetZip\Unity.VisualScripting.IonicZip.dll
Native extension for WindowsStandalone target not found
Native extension for WebGL target not found
Refreshing native plugins compatible for Editor in 87.81 ms, found 4 plugins.
Preloading 0 native plugins for Editor in 0.00 ms.
Mono: successfully reloaded assembly
- Completed reload, in  1.195 seconds
Domain Reload Profiling:
	ReloadAssembly (1196ms)
		BeginReloadAssembly (108ms)
			ExecutionOrderSort (0ms)
			DisableScriptedObjects (5ms)
			BackupInstance (0ms)
			ReleaseScriptingObjects (0ms)
			CreateAndSetChildDomain (19ms)
		EndReloadAssembly (961ms)
			LoadAssemblies (90ms)
			RebuildTransferFunctionScriptingTraits (0ms)
			SetupTypeCache (257ms)
			ReleaseScriptCaches (1ms)
			RebuildScriptCaches (65ms)
			SetupLoadedEditorAssemblies (498ms)
				LogAssemblyErrors (0ms)
				InitializePlatformSupportModulesInManaged (6ms)
				SetLoadedEditorAssemblies (0ms)
				RefreshPlugins (88ms)
				BeforeProcessingInitializeOnLoad (111ms)
				ProcessInitializeOnLoadAttributes (239ms)
				ProcessInitializeOnLoadMethodAttributes (46ms)
				AfterProcessingInitializeOnLoad (8ms)
				EditorAssembliesLoaded (0ms)
			ExecutionOrderSort2 (0ms)
			AwakeInstancesAfterBackupRestoration (6ms)
Platform modules already initialized, skipping
========================================================================
Worker process is ready to serve import requests
Launched and connected shader compiler UnityShaderCompiler.exe after 0.04 seconds
Refreshing native plugins compatible for Editor in 0.65 ms, found 4 plugins.
Preloading 0 native plugins for Editor in 0.00 ms.
Unloading 4031 Unused Serialized files (Serialized files now loaded: 0)
Unloading 44 unused Assets / (229.4 KB). Loaded Objects now: 4481.
Memory consumption went from 150.3 MB to 150.1 MB.
Total: 3.151300 ms (FindLiveObjects: 0.348000 ms CreateObjectMapping: 0.184300 ms MarkObjects: 2.425600 ms  DeleteObjects: 0.192000 ms)

AssetImportParameters requested are different than current active one (requested -> active):
  custom:video-decoder-ogg-theora: a1e56fd34408186e4bbccfd4996cb3dc -> 
  custom:container-muxer-webm: aa71ff27fc2769a1b78a27578f13a17b -> 
  custom:container-demuxer-webm: 4f35f7cbe854078d1ac9338744f61a02 -> 
  custom:video-encoder-webm-vp8: eb34c28f22e8b96e1ab97ce403110664 -> 
  custom:video-codec-MediaFoundation-h265: 746d11721c4dcdbdad8f713fa42b33f4 -> 
  custom:audio-encoder-webm-vorbis: bf7c407c2cedff20999df2af8eb42d56 -> 
  custom:framework-win-MediaFoundation: 216162199b28c13a410421893ffa2e32 -> 
  custom:container-demuxer-ogg: 62fdf1f143b41e24485cea50d1cbac27 -> 
  custom:video-decoder-webm-vp8: 9c59270c3fd7afecdb556c50c9e8de78 -> 
  custom:audio-decoder-ogg-vorbis: bf7c407c2cedff20999df2af8eb42d56 -> 
========================================================================
Received Import Request.
  Time since last request: 14924.582336 seconds.
  path: Assets/Sprites/Ninja Files/Ninja PNG/No Sword/SNinja_nosword_run 05.png
  artifactKey: Guid(df23b5732b336f544939f1c92853620f) Importer(815301076,1909f56bfc062723c751e8b465ee728b)
Start importing Assets/Sprites/Ninja Files/Ninja PNG/No Sword/SNinja_nosword_run 05.png using Guid(df23b5732b336f544939f1c92853620f) Importer(815301076,1909f56bfc062723c751e8b465ee728b)  -> (artifact id: 'fa4f6b4647c617f51030ef1d59e162ff') in 0.118430 seconds 
========================================================================
Received Import Request.
  Time since last request: 0.000029 seconds.
  path: Assets/Sprites/Ninja Files/Ninja PNG/No Sword/SNinja_nosword_idle 4.png
  artifactKey: Guid(0421213b3c5d63d4b8176e6468db6bc6) Importer(815301076,1909f56bfc062723c751e8b465ee728b)
Start importing Assets/Sprites/Ninja Files/Ninja PNG/No Sword/SNinja_nosword_idle 4.png using Guid(0421213b3c5d63d4b8176e6468db6bc6) Importer(815301076,1909f56bfc062723c751e8b465ee728b)  -> (artifact id: '648162d90369ffa0daf6d80cafac8941') in 0.043938 seconds 
========================================================================
Received Import Request.
  Time since last request: 0.000036 seconds.
  path: Assets/Sprites/Ninja Files/Ninja PNG/No Sword/SNinja_nosword_run 02.png
  artifactKey: Guid(24c4e772e0c09814e90e582c88359dad) Importer(815301076,1909f56bfc062723c751e8b465ee728b)
Start importing Assets/Sprites/Ninja Files/Ninja PNG/No Sword/SNinja_nosword_run 02.png using Guid(24c4e772e0c09814e90e582c88359dad) Importer(815301076,1909f56bfc062723c751e8b465ee728b)  -> (artifact id: '1aa978db4ba1d47a76344c6a27165cd9') in 0.041328 seconds 
========================================================================
Received Import Request.
  Time since last request: 0.000030 seconds.
  path: Assets/Sprites/Ninja Files/Ninja PNG/No Sword/SNinja_nosword_crouchdash 1.png
  artifactKey: Guid(9e57dec09042ee34b8f17f8fc3c953cf) Importer(815301076,1909f56bfc062723c751e8b465ee728b)
Start importing Assets/Sprites/Ninja Files/Ninja PNG/No Sword/SNinja_nosword_crouchdash 1.png using Guid(9e57dec09042ee34b8f17f8fc3c953cf) Importer(815301076,1909f56bfc062723c751e8b465ee728b)  -> (artifact id: 'bf2b7643f4b1d161e14314ec2f388c8f') in 0.044281 seconds 
========================================================================
Received Import Request.
  Time since last request: 0.000075 seconds.
  path: Assets/Sprites/Ninja Files/Ninja PNG/No Sword/SNinja_nosword_run 11.png
  artifactKey: Guid(8a9003c634f061240b70ebefcdb72d4c) Importer(815301076,1909f56bfc062723c751e8b465ee728b)
Start importing Assets/Sprites/Ninja Files/Ninja PNG/No Sword/SNinja_nosword_run 11.png using Guid(8a9003c634f061240b70ebefcdb72d4c) Importer(815301076,1909f56bfc062723c751e8b465ee728b)  -> (artifact id: '510dc3b1ccf136a2537fb96233c233d1') in 0.041437 seconds 
========================================================================
Received Import Request.
  Time since last request: 0.000027 seconds.
  path: Assets/Sprites/Ninja Files/Ninja PNG/No Sword/SNinja_nosword_idle 1.png
  artifactKey: Guid(cee0f3d723836fb45aff84dd2bc4b349) Importer(815301076,1909f56bfc062723c751e8b465ee728b)
Start importing Assets/Sprites/Ninja Files/Ninja PNG/No Sword/SNinja_nosword_idle 1.png using Guid(cee0f3d723836fb45aff84dd2bc4b349) Importer(815301076,1909f56bfc062723c751e8b465ee728b)  -> (artifact id: 'a459b8aff4cd70f9158adb69cb1ff4b0') in 0.042293 seconds 
========================================================================
Received Import Request.
  Time since last request: 0.000025 seconds.
  path: Assets/Sprites/Ninja Files/Ninja PNG/No Sword
  artifactKey: Guid(129eae3ff1672474db74bd4fe919402b) Importer(815301076,1909f56bfc062723c751e8b465ee728b)
Start importing Assets/Sprites/Ninja Files/Ninja PNG/No Sword using Guid(129eae3ff1672474db74bd4fe919402b) Importer(815301076,1909f56bfc062723c751e8b465ee728b)  -> (artifact id: 'fd8347582c76109b2a89bc034c86b58c') in 0.008955 seconds 
========================================================================
Received Import Request.
  Time since last request: 0.000034 seconds.
  path: Assets/Sprites/Ninja Files/Ninja PNG/No Sword/SNinja_nosword_jump 2.png
  artifactKey: Guid(b5e135e75e1013f4eb5264f2fca02f21) Importer(815301076,1909f56bfc062723c751e8b465ee728b)
Start importing Assets/Sprites/Ninja Files/Ninja PNG/No Sword/SNinja_nosword_jump 2.png using Guid(b5e135e75e1013f4eb5264f2fca02f21) Importer(815301076,1909f56bfc062723c751e8b465ee728b)  -> (artifact id: '577d01a2380ec8625c2b79874e5e7d46') in 0.036887 seconds 
========================================================================
Received Import Request.
  Time since last request: 0.000044 seconds.
  path: Assets/Sprites/Ninja Files/Ninja PNG/No Sword/SNinja_nosword_run 07.png
  artifactKey: Guid(5ac71f6b78966c24f9cb2df992418922) Importer(815301076,1909f56bfc062723c751e8b465ee728b)
Start importing Assets/Sprites/Ninja Files/Ninja PNG/No Sword/SNinja_nosword_run 07.png using Guid(5ac71f6b78966c24f9cb2df992418922) Importer(815301076,1909f56bfc062723c751e8b465ee728b)  -> (artifact id: 'ba8ec4bb45b4aed8ed7dc756d6681d23') in 0.041793 seconds 
========================================================================
Received Import Request.
  Time since last request: 0.000027 seconds.
  path: Assets/Sprites/Ninja Files/Ninja PNG/No Sword/SNinja_nosword_crouch 1.png
  artifactKey: Guid(449251c49b0d19d4890225d0d611b7c1) Importer(815301076,1909f56bfc062723c751e8b465ee728b)
Start importing Assets/Sprites/Ninja Files/Ninja PNG/No Sword/SNinja_nosword_crouch 1.png using Guid(449251c49b0d19d4890225d0d611b7c1) Importer(815301076,1909f56bfc062723c751e8b465ee728b)  -> (artifact id: 'f4099ce42da8d83b2bbce631f6451a8c') in 0.045812 seconds 
========================================================================
Received Import Request.
  Time since last request: 0.000034 seconds.
  path: Assets/Sprites/Ninja Files/Ninja PNG/No Sword/SNinja_nosword_run 01.png
  artifactKey: Guid(39ff9e1e415d68e4ea9dd713f8371a9a) Importer(815301076,1909f56bfc062723c751e8b465ee728b)
Start importing Assets/Sprites/Ninja Files/Ninja PNG/No Sword/SNinja_nosword_run 01.png using Guid(39ff9e1e415d68e4ea9dd713f8371a9a) Importer(815301076,1909f56bfc062723c751e8b465ee728b)  -> (artifact id: '60c69a40c4b3a47da29ab79d9b399595') in 0.040502 seconds 
========================================================================
Received Import Request.
  Time since last request: 0.000026 seconds.
  path: Assets/Sprites/Ninja Files/Ninja PNG/No Sword/SNinja_nosword_idle 2.png
  artifactKey: Guid(8a121a14467840b4d96d6763be354870) Importer(815301076,1909f56bfc062723c751e8b465ee728b)
Start importing Assets/Sprites/Ninja Files/Ninja PNG/No Sword/SNinja_nosword_idle 2.png using Guid(8a121a14467840b4d96d6763be354870) Importer(815301076,1909f56bfc062723c751e8b465ee728b)  -> (artifact id: '64bb800c9a0bba751576e94eb4443593') in 0.045556 seconds 
========================================================================
Received Import Request.
  Time since last request: 0.000029 seconds.
  path: Assets/Sprites/Ninja Files/Ninja PNG/No Sword/SNinja_nosword_idle 6.png
  artifactKey: Guid(82ac5d7acc102cc41b01f7d8f442e486) Importer(815301076,1909f56bfc062723c751e8b465ee728b)
Start importing Assets/Sprites/Ninja Files/Ninja PNG/No Sword/SNinja_nosword_idle 6.png using Guid(82ac5d7acc102cc41b01f7d8f442e486) Importer(815301076,1909f56bfc062723c751e8b465ee728b)  -> (artifact id: 'f378477efeae630da7f8b8a9a58bff83') in 0.044381 seconds 
========================================================================
Received Import Request.
  Time since last request: 50.682783 seconds.
  path: Assets/Sprites/Ninja Files/Ninja PNG/1024 pixel/Items & FireBall/fireball 3.png
  artifactKey: Guid(c45a70b65c8fc3d409c48fddba821a63) Importer(815301076,1909f56bfc062723c751e8b465ee728b)
Start importing Assets/Sprites/Ninja Files/Ninja PNG/1024 pixel/Items & FireBall/fireball 3.png using Guid(c45a70b65c8fc3d409c48fddba821a63) Importer(815301076,1909f56bfc062723c751e8b465ee728b)  -> (artifact id: '6d772c5d179959ba3494384b018a7e3b') in 0.034517 seconds 
========================================================================
Received Import Request.
  Time since last request: 0.000019 seconds.
  path: Assets/Sprites/Ninja Files/Ninja PNG/1024 pixel/Items & FireBall/item3.png
  artifactKey: Guid(230202122c753f544b3749ba3da73f85) Importer(815301076,1909f56bfc062723c751e8b465ee728b)
Start importing Assets/Sprites/Ninja Files/Ninja PNG/1024 pixel/Items & FireBall/item3.png using Guid(230202122c753f544b3749ba3da73f85) Importer(815301076,1909f56bfc062723c751e8b465ee728b)  -> (artifact id: '0f11db742bb94d57df1632a86f62bf93') in 0.036387 seconds 
========================================================================
Received Import Request.
  Time since last request: 0.000026 seconds.
  path: Assets/Sprites/Ninja Files/Ninja PNG/1024 pixel/Items & FireBall/item5.png
  artifactKey: Guid(a7e49ba33f94dd14f986eb282c2295b7) Importer(815301076,1909f56bfc062723c751e8b465ee728b)
Start importing Assets/Sprites/Ninja Files/Ninja PNG/1024 pixel/Items & FireBall/item5.png using Guid(a7e49ba33f94dd14f986eb282c2295b7) Importer(815301076,1909f56bfc062723c751e8b465ee728b)  -> (artifact id: '07d0bbc26fb4d8c8674a65422313b9b2') in 0.035747 seconds 
========================================================================
Received Import Request.
  Time since last request: 0.000038 seconds.
  path: Assets/Sprites/Ninja Files/Ninja PNG/1024 pixel/Items & FireBall/item4.png
  artifactKey: Guid(41443c3f9c54f334c9e01ed558f2d200) Importer(815301076,1909f56bfc062723c751e8b465ee728b)
Start importing Assets/Sprites/Ninja Files/Ninja PNG/1024 pixel/Items & FireBall/item4.png using Guid(41443c3f9c54f334c9e01ed558f2d200) Importer(815301076,1909f56bfc062723c751e8b465ee728b)  -> (artifact id: '891024489b3f8612a75562ed03f719e9') in 0.038992 seconds 
========================================================================
Received Prepare
Registering precompiled user dll's ...
Registered in 0.010376 seconds.
Begin MonoManager ReloadAssembly
Symbol file LoadedFromMemory doesn't match image C:\Users\lulua\OneDrive\Documents\GitHub\Carbon\2D Runner\Library\PackageCache\com.unity.visualscripting@1.7.8\Editor\VisualScripting.Core\Dependencies\YamlDotNet\Unity.VisualScripting.YamlDotNet.dll
Symbol file LoadedFromMemory doesn't match image C:\Users\lulua\OneDrive\Documents\GitHub\Carbon\2D Runner\Library\PackageCache\com.unity.visualscripting@1.7.8\Editor\VisualScripting.Core\Dependencies\DotNetZip\Unity.VisualScripting.IonicZip.dll
Native extension for WindowsStandalone target not found
Native extension for WebGL target not found
Refreshing native plugins compatible for Editor in 0.82 ms, found 4 plugins.
Preloading 0 native plugins for Editor in 0.00 ms.
Mono: successfully reloaded assembly
- Completed reload, in  1.549 seconds
Domain Reload Profiling:
	ReloadAssembly (1550ms)
		BeginReloadAssembly (179ms)
			ExecutionOrderSort (0ms)
			DisableScriptedObjects (8ms)
			BackupInstance (0ms)
			ReleaseScriptingObjects (0ms)
			CreateAndSetChildDomain (56ms)
		EndReloadAssembly (1190ms)
			LoadAssemblies (146ms)
			RebuildTransferFunctionScriptingTraits (0ms)
			SetupTypeCache (422ms)
			ReleaseScriptCaches (2ms)
			RebuildScriptCaches (65ms)
			SetupLoadedEditorAssemblies (499ms)
				LogAssemblyErrors (0ms)
				InitializePlatformSupportModulesInManaged (19ms)
				SetLoadedEditorAssemblies (1ms)
				RefreshPlugins (1ms)
				BeforeProcessingInitializeOnLoad (114ms)
				ProcessInitializeOnLoadAttributes (308ms)
				ProcessInitializeOnLoadMethodAttributes (51ms)
				AfterProcessingInitializeOnLoad (7ms)
				EditorAssembliesLoaded (0ms)
			ExecutionOrderSort2 (0ms)
			AwakeInstancesAfterBackupRestoration (11ms)
Platform modules already initialized, skipping
Refreshing native plugins compatible for Editor in 4.04 ms, found 4 plugins.
Preloading 0 native plugins for Editor in 0.00 ms.
Unloading 4026 Unused Serialized files (Serialized files now loaded: 0)
Unloading 31 unused Assets / (195.7 KB). Loaded Objects now: 4503.
Memory consumption went from 154.7 MB to 154.5 MB.
Total: 4.398100 ms (FindLiveObjects: 0.415500 ms CreateObjectMapping: 0.194300 ms MarkObjects: 3.426100 ms  DeleteObjects: 0.360400 ms)

AssetImportParameters requested are different than current active one (requested -> active):
  custom:video-decoder-ogg-theora: a1e56fd34408186e4bbccfd4996cb3dc -> 
  custom:container-muxer-webm: aa71ff27fc2769a1b78a27578f13a17b -> 
  custom:container-demuxer-webm: 4f35f7cbe854078d1ac9338744f61a02 -> 
  custom:video-encoder-webm-vp8: eb34c28f22e8b96e1ab97ce403110664 -> 
  custom:video-codec-MediaFoundation-h265: 746d11721c4dcdbdad8f713fa42b33f4 -> 
  custom:audio-encoder-webm-vorbis: bf7c407c2cedff20999df2af8eb42d56 -> 
  custom:framework-win-MediaFoundation: 216162199b28c13a410421893ffa2e32 -> 
  custom:container-demuxer-ogg: 62fdf1f143b41e24485cea50d1cbac27 -> 
  custom:video-decoder-webm-vp8: 9c59270c3fd7afecdb556c50c9e8de78 -> 
  custom:audio-decoder-ogg-vorbis: bf7c407c2cedff20999df2af8eb42d56 -> 
========================================================================
Received Prepare
Registering precompiled user dll's ...
Registered in 0.015269 seconds.
Begin MonoManager ReloadAssembly
Symbol file LoadedFromMemory doesn't match image C:\Users\lulua\OneDrive\Documents\GitHub\Carbon\2D Runner\Library\PackageCache\com.unity.visualscripting@1.7.8\Editor\VisualScripting.Core\Dependencies\YamlDotNet\Unity.VisualScripting.YamlDotNet.dll
Symbol file LoadedFromMemory doesn't match image C:\Users\lulua\OneDrive\Documents\GitHub\Carbon\2D Runner\Library\PackageCache\com.unity.visualscripting@1.7.8\Editor\VisualScripting.Core\Dependencies\DotNetZip\Unity.VisualScripting.IonicZip.dll
Native extension for WindowsStandalone target not found
Native extension for WebGL target not found
Refreshing native plugins compatible for Editor in 0.75 ms, found 4 plugins.
Preloading 0 native plugins for Editor in 0.00 ms.
Mono: successfully reloaded assembly
- Completed reload, in  1.349 seconds
Domain Reload Profiling:
	ReloadAssembly (1350ms)
		BeginReloadAssembly (155ms)
			ExecutionOrderSort (0ms)
			DisableScriptedObjects (10ms)
			BackupInstance (0ms)
			ReleaseScriptingObjects (0ms)
			CreateAndSetChildDomain (38ms)
		EndReloadAssembly (1051ms)
			LoadAssemblies (118ms)
			RebuildTransferFunctionScriptingTraits (0ms)
			SetupTypeCache (336ms)
			ReleaseScriptCaches (2ms)
			RebuildScriptCaches (62ms)
			SetupLoadedEditorAssemblies (473ms)
				LogAssemblyErrors (0ms)
				InitializePlatformSupportModulesInManaged (19ms)
				SetLoadedEditorAssemblies (1ms)
				RefreshPlugins (1ms)
				BeforeProcessingInitializeOnLoad (92ms)
				ProcessInitializeOnLoadAttributes (304ms)
				ProcessInitializeOnLoadMethodAttributes (48ms)
				AfterProcessingInitializeOnLoad (8ms)
				EditorAssembliesLoaded (0ms)
			ExecutionOrderSort2 (0ms)
			AwakeInstancesAfterBackupRestoration (9ms)
Platform modules already initialized, skipping
Refreshing native plugins compatible for Editor in 4.70 ms, found 4 plugins.
Preloading 0 native plugins for Editor in 0.00 ms.
Unloading 4026 Unused Serialized files (Serialized files now loaded: 0)
Unloading 31 unused Assets / (195.9 KB). Loaded Objects now: 4506.
Memory consumption went from 154.7 MB to 154.5 MB.
Total: 4.071800 ms (FindLiveObjects: 0.531900 ms CreateObjectMapping: 0.157100 ms MarkObjects: 3.126700 ms  DeleteObjects: 0.254600 ms)

AssetImportParameters requested are different than current active one (requested -> active):
  custom:video-decoder-ogg-theora: a1e56fd34408186e4bbccfd4996cb3dc -> 
  custom:container-muxer-webm: aa71ff27fc2769a1b78a27578f13a17b -> 
  custom:container-demuxer-webm: 4f35f7cbe854078d1ac9338744f61a02 -> 
  custom:video-encoder-webm-vp8: eb34c28f22e8b96e1ab97ce403110664 -> 
  custom:video-codec-MediaFoundation-h265: 746d11721c4dcdbdad8f713fa42b33f4 -> 
  custom:audio-encoder-webm-vorbis: bf7c407c2cedff20999df2af8eb42d56 -> 
  custom:framework-win-MediaFoundation: 216162199b28c13a410421893ffa2e32 -> 
  custom:container-demuxer-ogg: 62fdf1f143b41e24485cea50d1cbac27 -> 
  custom:video-decoder-webm-vp8: 9c59270c3fd7afecdb556c50c9e8de78 -> 
  custom:audio-decoder-ogg-vorbis: bf7c407c2cedff20999df2af8eb42d56 -> 
